{"numFailedTestSuites":0,"numFailedTests":0,"numPassedTestSuites":1,"numPassedTests":2,"numPendingTestSuites":0,"numPendingTests":0,"numRuntimeErrorTestSuites":0,"numTodoTests":0,"numTotalTestSuites":1,"numTotalTests":2,"openHandles":[],"snapshot":{"added":0,"didUpdate":false,"failure":false,"filesAdded":0,"filesRemoved":0,"filesRemovedList":[],"filesUnmatched":0,"filesUpdated":0,"matched":0,"total":0,"unchecked":0,"uncheckedKeysByFile":[],"unmatched":0,"updated":0},"startTime":1649094962235,"success":true,"testResults":[{"assertionResults":[{"ancestorTitles":[],"failureMessages":[],"fullName":"should render a label","location":null,"status":"passed","title":"should render a label"},{"ancestorTitles":[],"failureMessages":[],"fullName":"should render the appropriate icon","location":null,"status":"passed","title":"should render the appropriate icon"}],"endTime":1649094964131,"message":"","name":"/Users/lyonsreign/Desktop/mbari/mbari/packages/react-ui/src/Cells/ScheduleCell.test.tsx","startTime":1649094962538,"status":"passed","summary":""}],"wasInterrupted":false}